[11:11:02] [main/INFO]: Loading tweak class name cpw.mods.fml.common.launcher.FMLServerTweaker
[11:11:03] [main/INFO]: Using primary tweak class name cpw.mods.fml.common.launcher.FMLServerTweaker
[11:11:03] [main/INFO]: Calling tweak class cpw.mods.fml.common.launcher.FMLServerTweaker
[11:11:03] [main/INFO]: Forge Mod Loader version 7.2.156.1060 for Minecraft 1.7.2 loading
[11:11:03] [main/INFO]: Java is Java HotSpot(TM) 64-Bit Server VM, version 1.8.0, running on Windows 7:amd64:6.1, installed at C:\Program Files\Java\jre8
[11:11:03] [main/INFO]: Managed to load a deobfuscated Minecraft name- we are in a deobfuscated environment. Skipping runtime deobfuscation
[11:11:03] [main/INFO]: Loading tweak class name cpw.mods.fml.common.launcher.FMLInjectionAndSortingTweaker
[11:11:03] [main/INFO]: Loading tweak class name cpw.mods.fml.common.launcher.FMLDeobfTweaker
[11:11:03] [main/INFO]: Calling tweak class cpw.mods.fml.common.launcher.FMLInjectionAndSortingTweaker
[11:11:03] [main/INFO]: Calling tweak class cpw.mods.fml.common.launcher.FMLInjectionAndSortingTweaker
[11:11:03] [main/INFO]: Calling tweak class cpw.mods.fml.relauncher.CoreModManager$FMLPluginWrapper
[11:11:03] [main/ERROR]: The binary patch set is missing. Either you are in a development environment, or things are not going to work!
[11:11:03] [main/ERROR]: FML appears to be missing any signature data. This is not a good thing
[11:11:03] [main/INFO]: Calling tweak class cpw.mods.fml.relauncher.CoreModManager$FMLPluginWrapper
[11:11:03] [main/INFO]: Calling tweak class cpw.mods.fml.common.launcher.FMLDeobfTweaker
[11:11:03] [main/INFO]: Launching wrapped minecraft {net.minecraft.server.MinecraftServer}
[11:11:05] [Server thread/INFO]: Starting minecraft server version 1.7.2
[11:11:05] [Server thread/INFO]: Attempting early MinecraftForge initialization
[11:11:05] [Server thread/INFO]: MinecraftForge v10.12.1.1060 Initialized
[11:11:05] [Server thread/INFO]: Replaced 141 ore recipies
[11:11:05] [Server thread/INFO]: Completed early MinecraftForge initialization
[11:11:05] [Server thread/INFO]: Searching C:\Users\Antti\Desktop\MCPs\1.7.2\eclipse\mods for mods
[11:11:06] [Server thread/ERROR]: FML has detected a mod that is using a package name based on 'net.minecraft.src' : net.minecraft.src.FMLRenderAccessLibrary. This is generally a severe programming error.  There should be no mod code in the minecraft namespace. MOVE YOUR MOD! If you're in eclipse, select your source code and 'refactor' it into a new package. Go on. DO IT NOW!
[11:11:06] [Server thread/ERROR]: FML has detected a mod that is using a package name based on 'net.minecraft.src' : net.minecraft.src.Start. This is generally a severe programming error.  There should be no mod code in the minecraft namespace. MOVE YOUR MOD! If you're in eclipse, select your source code and 'refactor' it into a new package. Go on. DO IT NOW!
[11:11:07] [Server thread/INFO]: Forge Mod Loader has identified 4 mods to load
[11:11:07] [Server thread/INFO]: Configured a dormant chunk cache size of 0
[11:11:07] [Server thread/INFO]: Loading properties
[11:11:07] [Server thread/INFO]: Default game type: SURVIVAL
[11:11:07] [Server thread/INFO]: Generating keypair
[11:11:07] [Server thread/INFO]: Starting Minecraft server on *:25565
[11:11:07] [Server thread/INFO]: Forge Mod Loader has successfully loaded 4 mods
[11:11:08] [Server thread/INFO]: Preparing level "world"
[11:11:08] [Server thread/INFO]: Injecting existing block and item data into this server instance
[11:11:08] [Server thread/INFO]: Loading dimension 0 (world) (net.minecraft.server.dedicated.DedicatedServer@78447414)
[11:11:08] [Server thread/INFO]: Loading dimension 1 (world) (net.minecraft.server.dedicated.DedicatedServer@78447414)
[11:11:08] [Server thread/INFO]: Loading dimension -1 (world) (net.minecraft.server.dedicated.DedicatedServer@78447414)
[11:11:08] [Server thread/INFO]: Preparing start region for level 0
[11:11:09] [Server thread/INFO]: Done (1,191s)! For help, type "help" or "?"
